# JRE version: Java(TM) SE Runtime Environment (8.0_112-b15) (build 1.8.0_112-b15)
# Java VM: Java HotSpot(TM) 64-Bit Server VM (25.112-b15 mixed mode windows-amd64 compressed oops)
Heap:
 PSYoungGen      total 267776K, used 38944K [0x0000000780780000, 0x0000000793300000, 0x00000007c0000000)
  eden space 242176K, 16% used [0x0000000780780000,0x0000000782d88390,0x000000078f400000)
  from space 25600K, 0% used [0x0000000791a00000,0x0000000791a00000,0x0000000793300000)
  to   space 32256K, 0% used [0x000000078f400000,0x000000078f400000,0x0000000791380000)
 ParOldGen       total 200192K, used 48912K [0x0000000701600000, 0x000000070d980000, 0x0000000780780000)
  object space 200192K, 24% used [0x0000000701600000,0x00000007045c4288,0x000000070d980000)
 Metaspace       used 58415K, capacity 59362K, committed 59672K, reserved 1101824K
  class space    used 6760K, capacity 7027K, committed 7040K, reserved 1048576K
GC Heap History (10 events):
Event: 25.894 GC heap before
{Heap before GC invocations=13 (full 1):
 PSYoungGen      total 160768K, used 144355K [0x0000000780780000, 0x000000078ff80000, 0x00000007c0000000)
  eden space 131072K, 90% used [0x0000000780780000,0x0000000787b5e130,0x0000000788780000)
  from space 29696K, 86% used [0x0000000788780000,0x000000078a09ac58,0x000000078a480000)
  to   space 32256K, 0% used [0x000000078e000000,0x000000078e000000,0x000000078ff80000)
 ParOldGen       total 109568K, used 25565K [0x0000000701600000, 0x0000000708100000, 0x0000000780780000)
  object space 109568K, 23% used [0x0000000701600000,0x0000000702ef7780,0x0000000708100000)
 Metaspace       used 34590K, capacity 35314K, committed 35496K, reserved 1081344K
  class space    used 4128K, capacity 4311K, committed 4352K, reserved 1048576K
Event: 25.974 GC heap after
Heap after GC invocations=13 (full 1):
 PSYoungGen      total 214528K, used 17116K [0x0000000780780000, 0x000000078fb00000, 0x00000007c0000000)
  eden space 186880K, 0% used [0x0000000780780000,0x0000000780780000,0x000000078be00000)
  from space 27648K, 61% used [0x000000078e000000,0x000000078f0b72b0,0x000000078fb00000)
  to   space 31232K, 0% used [0x000000078be00000,0x000000078be00000,0x000000078dc80000)
 ParOldGen       total 109568K, used 25666K [0x0000000701600000, 0x0000000708100000, 0x0000000780780000)
  object space 109568K, 23% used [0x0000000701600000,0x0000000702f10b40,0x0000000708100000)
 Metaspace       used 34590K, capacity 35314K, committed 35496K, reserved 1081344K
  class space    used 4128K, capacity 4311K, committed 4352K, reserved 1048576K
}
Event: 25.974 GC heap before
{Heap before GC invocations=14 (full 2):
 PSYoungGen      total 214528K, used 17116K [0x0000000780780000, 0x000000078fb00000, 0x00000007c0000000)
  eden space 186880K, 0% used [0x0000000780780000,0x0000000780780000,0x000000078be00000)
  from space 27648K, 61% used [0x000000078e000000,0x000000078f0b72b0,0x000000078fb00000)
  to   space 31232K, 0% used [0x000000078be00000,0x000000078be00000,0x000000078dc80000)
 ParOldGen       total 109568K, used 25666K [0x0000000701600000, 0x0000000708100000, 0x0000000780780000)
  object space 109568K, 23% used [0x0000000701600000,0x0000000702f10b40,0x0000000708100000)
 Metaspace       used 34590K, capacity 35314K, committed 35496K, reserved 1081344K
  class space    used 4128K, capacity 4311K, committed 4352K, reserved 1048576K
Event: 26.520 GC heap after
Heap after GC invocations=14 (full 2):
 PSYoungGen      total 214528K, used 0K [0x0000000780780000, 0x000000078fb00000, 0x00000007c0000000)
  eden space 186880K, 0% used [0x0000000780780000,0x0000000780780000,0x000000078be00000)
  from space 27648K, 0% used [0x000000078e000000,0x000000078e000000,0x000000078fb00000)
  to   space 31232K, 0% used [0x000000078be00000,0x000000078be00000,0x000000078dc80000)
 ParOldGen       total 158208K, used 36607K [0x0000000701600000, 0x000000070b080000, 0x0000000780780000)
  object space 158208K, 23% used [0x0000000701600000,0x00000007039bfec8,0x000000070b080000)
 Metaspace       used 34590K, capacity 35314K, committed 35496K, reserved 1081344K
  class space    used 4128K, capacity 4311K, committed 4352K, reserved 1048576K
}
Event: 33.884 GC heap before
{Heap before GC invocations=15 (full 2):
 PSYoungGen      total 214528K, used 186880K [0x0000000780780000, 0x000000078fb00000, 0x00000007c0000000)
  eden space 186880K, 100% used [0x0000000780780000,0x000000078be00000,0x000000078be00000)
  from space 27648K, 0% used [0x000000078e000000,0x000000078e000000,0x000000078fb00000)
  to   space 31232K, 0% used [0x000000078be00000,0x000000078be00000,0x000000078dc80000)
 ParOldGen       total 158208K, used 36607K [0x0000000701600000, 0x000000070b080000, 0x0000000780780000)
  object space 158208K, 23% used [0x0000000701600000,0x00000007039bfec8,0x000000070b080000)
 Metaspace       used 46530K, capacity 47332K, committed 47872K, reserved 1091584K
  class space    used 5582K, capacity 5810K, committed 5888K, reserved 1048576K
Event: 33.946 GC heap after
Heap after GC invocations=15 (full 2):
 PSYoungGen      total 218112K, used 20074K [0x0000000780780000, 0x0000000793880000, 0x00000007c0000000)
  eden space 186880K, 0% used [0x0000000780780000,0x0000000780780000,0x000000078be00000)
  from space 31232K, 64% used [0x000000078be00000,0x000000078d19a838,0x000000078dc80000)
  to   space 31232K, 0% used [0x0000000791a00000,0x0000000791a00000,0x0000000793880000)
 ParOldGen       total 158208K, used 36615K [0x0000000701600000, 0x000000070b080000, 0x0000000780780000)
  object space 158208K, 23% used [0x0000000701600000,0x00000007039c1ec8,0x000000070b080000)
 Metaspace       used 46530K, capacity 47332K, committed 47872K, reserved 1091584K
  class space    used 5582K, capacity 5810K, committed 5888K, reserved 1048576K
}
Event: 111.351 GC heap before
{Heap before GC invocations=16 (full 2):
 PSYoungGen      total 218112K, used 161703K [0x0000000780780000, 0x0000000793880000, 0x00000007c0000000)
  eden space 186880K, 75% used [0x0000000780780000,0x00000007891cf578,0x000000078be00000)
  from space 31232K, 64% used [0x000000078be00000,0x000000078d19a838,0x000000078dc80000)
  to   space 31232K, 0% used [0x0000000791a00000,0x0000000791a00000,0x0000000793880000)
 ParOldGen       total 158208K, used 36615K [0x0000000701600000, 0x000000070b080000, 0x0000000780780000)
  object space 158208K, 23% used [0x0000000701600000,0x00000007039c1ec8,0x000000070b080000)
 Metaspace       used 57818K, capacity 58758K, committed 59160K, reserved 1101824K
  class space    used 6715K, capacity 6985K, committed 7040K, reserved 1048576K
Event: 111.390 GC heap after
Heap after GC invocations=16 (full 2):
 PSYoungGen      total 267776K, used 24053K [0x0000000780780000, 0x0000000793300000, 0x00000007c0000000)
  eden space 242176K, 0% used [0x0000000780780000,0x0000000780780000,0x000000078f400000)
  from space 25600K, 93% used [0x0000000791a00000,0x000000079317d698,0x0000000793300000)
  to   space 32256K, 0% used [0x000000078f400000,0x000000078f400000,0x0000000791380000)
 ParOldGen       total 158208K, used 36623K [0x0000000701600000, 0x000000070b080000, 0x0000000780780000)
  object space 158208K, 23% used [0x0000000701600000,0x00000007039c3ec8,0x000000070b080000)
 Metaspace       used 57818K, capacity 58758K, committed 59160K, reserved 1101824K
  class space    used 6715K, capacity 6985K, committed 7040K, reserved 1048576K
}
Event: 111.390 GC heap before
{Heap before GC invocations=17 (full 3):
 PSYoungGen      total 267776K, used 24053K [0x0000000780780000, 0x0000000793300000, 0x00000007c0000000)
  eden space 242176K, 0% used [0x0000000780780000,0x0000000780780000,0x000000078f400000)
  from space 25600K, 93% used [0x0000000791a00000,0x000000079317d698,0x0000000793300000)
  to   space 32256K, 0% used [0x000000078f400000,0x000000078f400000,0x0000000791380000)
 ParOldGen       total 158208K, used 36623K [0x0000000701600000, 0x000000070b080000, 0x0000000780780000)
  object space 158208K, 23% used [0x0000000701600000,0x00000007039c3ec8,0x000000070b080000)
 Metaspace       used 57818K, capacity 58758K, committed 59160K, reserved 1101824K
  class space    used 6715K, capacity 6985K, committed 7040K, reserved 1048576K
Event: 111.945 GC heap after
Heap after GC invocations=17 (full 3):
 PSYoungGen      total 267776K, used 0K [0x0000000780780000, 0x0000000793300000, 0x00000007c0000000)
  eden space 242176K, 0% used [0x0000000780780000,0x0000000780780000,0x000000078f400000)
  from space 25600K, 0% used [0x0000000791a00000,0x0000000791a00000,0x0000000793300000)
  to   space 32256K, 0% used [0x000000078f400000,0x000000078f400000,0x0000000791380000)
 ParOldGen       total 200192K, used 48912K [0x0000000701600000, 0x000000070d980000, 0x0000000780780000)
  object space 200192K, 24% used [0x0000000701600000,0x00000007045c4288,0x000000070d980000)
 Metaspace       used 57818K, capacity 58758K, committed 59160K, reserved 1101824K
  class space    used 6715K, capacity 6985K, committed 7040K, reserved 1048576K
}

